This file contains any messages produced by compilers while
running configure, to aid debugging if configure makes a mistake.

It was created by poedit configure 1.8beta1, which was
generated by GNU Autoconf 2.69.  Invocation command line was

  $ ./configure 

## --------- ##
## Platform. ##
## --------- ##

hostname = bkgovsrv1
uname -m = x86_64
uname -r = 3.16.0-34-generic
uname -s = Linux
uname -v = #45-Ubuntu SMP Mon Mar 23 17:21:27 UTC 2015

/usr/bin/uname -p = unknown
/bin/uname -X     = unknown

/bin/arch              = unknown
/usr/bin/arch -k       = unknown
/usr/convex/getsysinfo = unknown
/usr/bin/hostinfo      = unknown
/bin/machine           = unknown
/usr/bin/oslevel       = unknown
/bin/universe          = unknown

PATH: /home/tom/bin
PATH: /usr/local/sbin
PATH: /usr/local/bin
PATH: /usr/sbin
PATH: /usr/bin
PATH: /sbin
PATH: /bin
PATH: /usr/games
PATH: /usr/local/games


## ----------- ##
## Core tests. ##
## ----------- ##

configure:2346: checking build system type
configure:2360: result: x86_64-unknown-linux-gnu
configure:2380: checking host system type
configure:2393: result: x86_64-unknown-linux-gnu
configure:2430: checking for a BSD-compatible install
configure:2498: result: /usr/bin/install -c
configure:2509: checking whether build environment is sane
configure:2564: result: yes
configure:2715: checking for a thread-safe mkdir -p
configure:2754: result: /bin/mkdir -p
configure:2761: checking for gawk
configure:2777: found /usr/bin/gawk
configure:2788: result: gawk
configure:2799: checking whether make sets $(MAKE)
configure:2821: result: yes
configure:2850: checking whether make supports nested variables
configure:2867: result: yes
configure:2994: checking whether to enable maintainer-specific portions of Makefiles
configure:3003: result: no
configure:3028: checking whether make supports nested variables
configure:3045: result: yes
configure:3097: checking for install location
configure:3108: result: /usr/local
configure:3122: checking for gawk
configure:3149: result: gawk
configure:3161: checking whether ln -s works
configure:3165: result: yes
configure:3215: checking for ranlib
configure:3231: found /usr/bin/ranlib
configure:3242: result: ranlib
configure:3312: checking for gcc
configure:3328: found /usr/bin/gcc
configure:3339: result: gcc
configure:3568: checking for C compiler version
configure:3577: gcc --version >&5
gcc (Ubuntu 4.9.2-0ubuntu1~14.04) 4.9.2
Copyright (C) 2014 Free Software Foundation, Inc.
This is free software; see the source for copying conditions.  There is NO
warranty; not even for MERCHANTABILITY or FITNESS FOR A PARTICULAR PURPOSE.

configure:3588: $? = 0
configure:3577: gcc -v >&5
Using built-in specs.
COLLECT_GCC=gcc
COLLECT_LTO_WRAPPER=/usr/lib/gcc/x86_64-linux-gnu/4.9/lto-wrapper
Target: x86_64-linux-gnu
Configured with: ../src/configure -v --with-pkgversion='Ubuntu 4.9.2-0ubuntu1~14.04' --with-bugurl=file:///usr/share/doc/gcc-4.9/README.Bugs --enable-languages=c,c++,java,go,d,fortran,objc,obj-c++ --prefix=/usr --program-suffix=-4.9 --enable-shared --enable-linker-build-id --libexecdir=/usr/lib --without-included-gettext --enable-threads=posix --with-gxx-include-dir=/usr/include/c++/4.9 --libdir=/usr/lib --enable-nls --with-sysroot=/ --enable-clocale=gnu --enable-libstdcxx-debug --enable-libstdcxx-time=yes --enable-gnu-unique-object --disable-vtable-verify --enable-plugin --with-system-zlib --disable-browser-plugin --enable-java-awt=gtk --enable-gtk-cairo --with-java-home=/usr/lib/jvm/java-1.5.0-gcj-4.9-amd64/jre --enable-java-home --with-jvm-root-dir=/usr/lib/jvm/java-1.5.0-gcj-4.9-amd64 --with-jvm-jar-dir=/usr/lib/jvm-exports/java-1.5.0-gcj-4.9-amd64 --with-arch-directory=amd64 --with-ecj-jar=/usr/share/java/eclipse-ecj.jar --enable-objc-gc --enable-multiarch --disable-werror --with-arch-32=i686 --with-abi=m64 --with-multilib-list=m32,m64,mx32 --enable-multilib --with-tune=generic --enable-checking=release --build=x86_64-linux-gnu --host=x86_64-linux-gnu --target=x86_64-linux-gnu
Thread model: posix
gcc version 4.9.2 (Ubuntu 4.9.2-0ubuntu1~14.04) 
configure:3588: $? = 0
configure:3577: gcc -V >&5
gcc: error: unrecognized command line option '-V'
gcc: fatal error: no input files
compilation terminated.
configure:3588: $? = 4
configure:3577: gcc -qversion >&5
gcc: error: unrecognized command line option '-qversion'
gcc: fatal error: no input files
compilation terminated.
configure:3588: $? = 4
configure:3608: checking whether the C compiler works
configure:3630: gcc    conftest.c  >&5
configure:3634: $? = 0
configure:3682: result: yes
configure:3685: checking for C compiler default output file name
configure:3687: result: a.out
configure:3693: checking for suffix of executables
configure:3700: gcc -o conftest    conftest.c  >&5
configure:3704: $? = 0
configure:3726: result: 
configure:3748: checking whether we are cross compiling
configure:3756: gcc -o conftest    conftest.c  >&5
configure:3760: $? = 0
configure:3767: ./conftest
configure:3771: $? = 0
configure:3786: result: no
configure:3791: checking for suffix of object files
configure:3813: gcc -c   conftest.c >&5
configure:3817: $? = 0
configure:3838: result: o
configure:3842: checking whether we are using the GNU C compiler
configure:3861: gcc -c   conftest.c >&5
configure:3861: $? = 0
configure:3870: result: yes
configure:3879: checking whether gcc accepts -g
configure:3899: gcc -c -g  conftest.c >&5
configure:3899: $? = 0
configure:3940: result: yes
configure:3957: checking for gcc option to accept ISO C89
configure:4020: gcc  -c -g -O2  conftest.c >&5
configure:4020: $? = 0
configure:4033: result: none needed
configure:4058: checking whether gcc understands -c and -o together
configure:4080: gcc -c conftest.c -o conftest2.o
configure:4083: $? = 0
configure:4080: gcc -c conftest.c -o conftest2.o
configure:4083: $? = 0
configure:4095: result: yes
configure:4123: checking for style of include used by make
configure:4151: result: GNU
configure:4177: checking dependency style of gcc
configure:4288: result: gcc3
configure:4361: checking for g++
configure:4377: found /usr/bin/g++
configure:4388: result: g++
configure:4415: checking for C++ compiler version
configure:4424: g++ --version >&5
g++ (Ubuntu 4.9.2-0ubuntu1~14.04) 4.9.2
Copyright (C) 2014 Free Software Foundation, Inc.
This is free software; see the source for copying conditions.  There is NO
warranty; not even for MERCHANTABILITY or FITNESS FOR A PARTICULAR PURPOSE.

configure:4435: $? = 0
configure:4424: g++ -v >&5
Using built-in specs.
COLLECT_GCC=g++
COLLECT_LTO_WRAPPER=/usr/lib/gcc/x86_64-linux-gnu/4.9/lto-wrapper
Target: x86_64-linux-gnu
Configured with: ../src/configure -v --with-pkgversion='Ubuntu 4.9.2-0ubuntu1~14.04' --with-bugurl=file:///usr/share/doc/gcc-4.9/README.Bugs --enable-languages=c,c++,java,go,d,fortran,objc,obj-c++ --prefix=/usr --program-suffix=-4.9 --enable-shared --enable-linker-build-id --libexecdir=/usr/lib --without-included-gettext --enable-threads=posix --with-gxx-include-dir=/usr/include/c++/4.9 --libdir=/usr/lib --enable-nls --with-sysroot=/ --enable-clocale=gnu --enable-libstdcxx-debug --enable-libstdcxx-time=yes --enable-gnu-unique-object --disable-vtable-verify --enable-plugin --with-system-zlib --disable-browser-plugin --enable-java-awt=gtk --enable-gtk-cairo --with-java-home=/usr/lib/jvm/java-1.5.0-gcj-4.9-amd64/jre --enable-java-home --with-jvm-root-dir=/usr/lib/jvm/java-1.5.0-gcj-4.9-amd64 --with-jvm-jar-dir=/usr/lib/jvm-exports/java-1.5.0-gcj-4.9-amd64 --with-arch-directory=amd64 --with-ecj-jar=/usr/share/java/eclipse-ecj.jar --enable-objc-gc --enable-multiarch --disable-werror --with-arch-32=i686 --with-abi=m64 --with-multilib-list=m32,m64,mx32 --enable-multilib --with-tune=generic --enable-checking=release --build=x86_64-linux-gnu --host=x86_64-linux-gnu --target=x86_64-linux-gnu
Thread model: posix
gcc version 4.9.2 (Ubuntu 4.9.2-0ubuntu1~14.04) 
configure:4435: $? = 0
configure:4424: g++ -V >&5
g++: error: unrecognized command line option '-V'
g++: fatal error: no input files
compilation terminated.
configure:4435: $? = 4
configure:4424: g++ -qversion >&5
g++: error: unrecognized command line option '-qversion'
g++: fatal error: no input files
compilation terminated.
configure:4435: $? = 4
configure:4439: checking whether we are using the GNU C++ compiler
configure:4458: g++ -c   conftest.cpp >&5
configure:4458: $? = 0
configure:4467: result: yes
configure:4476: checking whether g++ accepts -g
configure:4496: g++ -c -g  conftest.cpp >&5
configure:4496: $? = 0
configure:4537: result: yes
configure:4562: checking dependency style of g++
configure:4673: result: gcc3
configure:4693: checking how to run the C++ preprocessor
configure:4720: g++ -E  conftest.cpp
configure:4720: $? = 0
configure:4734: g++ -E  conftest.cpp
conftest.cpp:11:28: fatal error: ac_nonexistent.h: No such file or directory
 #include <ac_nonexistent.h>
                            ^
compilation terminated.
configure:4734: $? = 1
configure: failed program was:
| /* confdefs.h */
| #define PACKAGE_NAME "poedit"
| #define PACKAGE_TARNAME "poedit"
| #define PACKAGE_VERSION "1.8beta1"
| #define PACKAGE_STRING "poedit 1.8beta1"
| #define PACKAGE_BUGREPORT "poedit@googlegroups.com"
| #define PACKAGE_URL ""
| #define PACKAGE "poedit"
| #define VERSION "1.8beta1"
| /* end confdefs.h.  */
| #include <ac_nonexistent.h>
configure:4759: result: g++ -E
configure:4779: g++ -E  conftest.cpp
configure:4779: $? = 0
configure:4793: g++ -E  conftest.cpp
conftest.cpp:11:28: fatal error: ac_nonexistent.h: No such file or directory
 #include <ac_nonexistent.h>
                            ^
compilation terminated.
configure:4793: $? = 1
configure: failed program was:
| /* confdefs.h */
| #define PACKAGE_NAME "poedit"
| #define PACKAGE_TARNAME "poedit"
| #define PACKAGE_VERSION "1.8beta1"
| #define PACKAGE_STRING "poedit 1.8beta1"
| #define PACKAGE_BUGREPORT "poedit@googlegroups.com"
| #define PACKAGE_URL ""
| #define PACKAGE "poedit"
| #define VERSION "1.8beta1"
| /* end confdefs.h.  */
| #include <ac_nonexistent.h>
configure:4836: checking whether g++ supports C++11 features by default
configure:4893: g++ -c -g -O2  conftest.cpp >&5
conftest.cpp:15:21: error: expected identifier before 'sizeof'
       static_assert(sizeof(int) <= sizeof(T), "not big enough");
                     ^
conftest.cpp:15:21: error: expected ',' or '...' before 'sizeof'
conftest.cpp:15:63: error: ISO C++ forbids declaration of 'static_assert' with no type [-fpermissive]
       static_assert(sizeof(int) <= sizeof(T), "not big enough");
                                                               ^
conftest.cpp:22:20: warning: override controls (override/final) only available with -std=c++11 or -std=gnu++11
     virtual void f() override {}
                    ^
conftest.cpp:25:29: error: '>>' should be '> >' within a nested template argument list
     typedef check<check<bool>> right_angle_brackets;
                             ^
conftest.cpp:28:13: error: expected constructor, destructor, or type conversion before '(' token
     decltype(a) b;
             ^
conftest.cpp:32:15: error: expected unqualified-id before '&&' token
     check_type&& cr = static_cast<check_type&&>(c);
               ^
conftest.cpp:34:10: error: 'd' does not name a type
     auto d = a;
          ^
conftest.cpp:35:10: error: 'l' does not name a type
     auto l = [](){};
          ^
conftest.cpp: In constructor 'use_l::use_l()':
conftest.cpp:37:32: error: 'l' was not declared in this scope
     struct use_l { use_l() { l(); } };
                                ^
conftest.cpp: At global scope:
conftest.cpp:45:9: error: expected unqualified-id before 'using'
         using member = typename T::member_type;
         ^
conftest.cpp:51:19: error: variable or field 'func' declared void
         void func(member<T>*) {}
                   ^
conftest.cpp:51:19: error: 'member' was not declared in this scope
conftest.cpp:51:27: error: expected primary-expression before '>' token
         void func(member<T>*) {}
                           ^
conftest.cpp:51:29: error: expected primary-expression before ')' token
         void func(member<T>*) {}
                             ^
configure:4893: $? = 1
configure: failed program was:
| /* confdefs.h */
| #define PACKAGE_NAME "poedit"
| #define PACKAGE_TARNAME "poedit"
| #define PACKAGE_VERSION "1.8beta1"
| #define PACKAGE_STRING "poedit 1.8beta1"
| #define PACKAGE_BUGREPORT "poedit@googlegroups.com"
| #define PACKAGE_URL ""
| #define PACKAGE "poedit"
| #define VERSION "1.8beta1"
| /* end confdefs.h.  */
| 
|   template <typename T>
|     struct check
|     {
|       static_assert(sizeof(int) <= sizeof(T), "not big enough");
|     };
| 
|     struct Base {
|     virtual void f() {}
|     };
|     struct Child : public Base {
|     virtual void f() override {}
|     };
| 
|     typedef check<check<bool>> right_angle_brackets;
| 
|     int a;
|     decltype(a) b;
| 
|     typedef check<int> check_type;
|     check_type c;
|     check_type&& cr = static_cast<check_type&&>(c);
| 
|     auto d = a;
|     auto l = [](){};
|     // Prevent Clang error: unused variable 'l' [-Werror,-Wunused-variable]
|     struct use_l { use_l() { l(); } };
| 
|     // http://stackoverflow.com/questions/13728184/template-aliases-and-sfinae
|     // Clang 3.1 fails with headers of libstd++ 4.8.3 when using std::function because of this
|     namespace test_template_alias_sfinae {
|         struct foo {};
| 
|         template<typename T>
|         using member = typename T::member_type;
| 
|         template<typename T>
|         void func(...) {}
| 
|         template<typename T>
|         void func(member<T>*) {}
| 
|         void test();
| 
|         void test() {
|             func<foo>(0);
|         }
|     }
| 
configure:4900: result: no
configure:4909: checking whether g++ supports C++11 features with -std=gnu++11
configure:4968: g++ -c -g -O2 -std=gnu++11  conftest.cpp >&5
configure:4968: $? = 0
configure:4977: result: yes
configure:5109: checking for grep that handles long lines and -e
configure:5167: result: /bin/grep
configure:5172: checking for egrep
configure:5234: result: /bin/grep -E
configure:5239: checking for ANSI C header files
configure:5259: g++ -c -g -O2 -std=gnu++11  conftest.cpp >&5
configure:5259: $? = 0
configure:5332: g++ -o conftest -g -O2 -std=gnu++11   conftest.cpp  >&5
configure:5332: $? = 0
configure:5332: ./conftest
configure:5332: $? = 0
configure:5343: result: yes
configure:5356: checking for sys/types.h
configure:5356: g++ -c -g -O2 -std=gnu++11  conftest.cpp >&5
configure:5356: $? = 0
configure:5356: result: yes
configure:5356: checking for sys/stat.h
configure:5356: g++ -c -g -O2 -std=gnu++11  conftest.cpp >&5
configure:5356: $? = 0
configure:5356: result: yes
configure:5356: checking for stdlib.h
configure:5356: g++ -c -g -O2 -std=gnu++11  conftest.cpp >&5
configure:5356: $? = 0
configure:5356: result: yes
configure:5356: checking for string.h
configure:5356: g++ -c -g -O2 -std=gnu++11  conftest.cpp >&5
configure:5356: $? = 0
configure:5356: result: yes
configure:5356: checking for memory.h
configure:5356: g++ -c -g -O2 -std=gnu++11  conftest.cpp >&5
configure:5356: $? = 0
configure:5356: result: yes
configure:5356: checking for strings.h
configure:5356: g++ -c -g -O2 -std=gnu++11  conftest.cpp >&5
configure:5356: $? = 0
configure:5356: result: yes
configure:5356: checking for inttypes.h
configure:5356: g++ -c -g -O2 -std=gnu++11  conftest.cpp >&5
configure:5356: $? = 0
configure:5356: result: yes
configure:5356: checking for stdint.h
configure:5356: g++ -c -g -O2 -std=gnu++11  conftest.cpp >&5
configure:5356: $? = 0
configure:5356: result: yes
configure:5356: checking for unistd.h
configure:5356: g++ -c -g -O2 -std=gnu++11  conftest.cpp >&5
configure:5356: $? = 0
configure:5356: result: yes
configure:5375: checking cpprest/http_client.h usability
configure:5375: g++ -c -g -O2 -std=gnu++11  -g -O2 -std=gnu++11 conftest.cpp >&5
conftest.cpp:54:33: fatal error: cpprest/http_client.h: No such file or directory
 #include <cpprest/http_client.h>
                                 ^
compilation terminated.
configure:5375: $? = 1
configure: failed program was:
| /* confdefs.h */
| #define PACKAGE_NAME "poedit"
| #define PACKAGE_TARNAME "poedit"
| #define PACKAGE_VERSION "1.8beta1"
| #define PACKAGE_STRING "poedit 1.8beta1"
| #define PACKAGE_BUGREPORT "poedit@googlegroups.com"
| #define PACKAGE_URL ""
| #define PACKAGE "poedit"
| #define VERSION "1.8beta1"
| #define STDC_HEADERS 1
| #define HAVE_SYS_TYPES_H 1
| #define HAVE_SYS_STAT_H 1
| #define HAVE_STDLIB_H 1
| #define HAVE_STRING_H 1
| #define HAVE_MEMORY_H 1
| #define HAVE_STRINGS_H 1
| #define HAVE_INTTYPES_H 1
| #define HAVE_STDINT_H 1
| #define HAVE_UNISTD_H 1
| /* end confdefs.h.  */
| #include <stdio.h>
| #ifdef HAVE_SYS_TYPES_H
| # include <sys/types.h>
| #endif
| #ifdef HAVE_SYS_STAT_H
| # include <sys/stat.h>
| #endif
| #ifdef STDC_HEADERS
| # include <stdlib.h>
| # include <stddef.h>
| #else
| # ifdef HAVE_STDLIB_H
| #  include <stdlib.h>
| # endif
| #endif
| #ifdef HAVE_STRING_H
| # if !defined STDC_HEADERS && defined HAVE_MEMORY_H
| #  include <memory.h>
| # endif
| # include <string.h>
| #endif
| #ifdef HAVE_STRINGS_H
| # include <strings.h>
| #endif
| #ifdef HAVE_INTTYPES_H
| # include <inttypes.h>
| #endif
| #ifdef HAVE_STDINT_H
| # include <stdint.h>
| #endif
| #ifdef HAVE_UNISTD_H
| # include <unistd.h>
| #endif
| #include <cpprest/http_client.h>
configure:5375: result: no
configure:5375: checking cpprest/http_client.h presence
configure:5375: g++ -E  -g -O2 -std=gnu++11 conftest.cpp
conftest.cpp:21:33: fatal error: cpprest/http_client.h: No such file or directory
 #include <cpprest/http_client.h>
                                 ^
compilation terminated.
configure:5375: $? = 1
configure: failed program was:
| /* confdefs.h */
| #define PACKAGE_NAME "poedit"
| #define PACKAGE_TARNAME "poedit"
| #define PACKAGE_VERSION "1.8beta1"
| #define PACKAGE_STRING "poedit 1.8beta1"
| #define PACKAGE_BUGREPORT "poedit@googlegroups.com"
| #define PACKAGE_URL ""
| #define PACKAGE "poedit"
| #define VERSION "1.8beta1"
| #define STDC_HEADERS 1
| #define HAVE_SYS_TYPES_H 1
| #define HAVE_SYS_STAT_H 1
| #define HAVE_STDLIB_H 1
| #define HAVE_STRING_H 1
| #define HAVE_MEMORY_H 1
| #define HAVE_STRINGS_H 1
| #define HAVE_INTTYPES_H 1
| #define HAVE_STDINT_H 1
| #define HAVE_UNISTD_H 1
| /* end confdefs.h.  */
| #include <cpprest/http_client.h>
configure:5375: result: no
configure:5375: checking for cpprest/http_client.h
configure:5375: result: no
configure:5477: checking for pkg-config
configure:5495: found /usr/bin/pkg-config
configure:5507: result: /usr/bin/pkg-config
configure:5532: checking pkg-config is at least version 0.9.0
configure:5535: result: yes
configure:5693: checking for wx-config
configure:5712: found /usr/bin/wx-config
configure:5725: result: /usr/bin/wx-config
configure:5743: checking for wxWidgets version >= 3.0.0 (--unicode)
configure:5858: result: no (version 2.8.12 is not new enough)
configure:5928: error: 
        Please check that wx-config is in path, the directory
        where wxWidgets libraries are installed (returned by
        'wx-config --unicode --libs' command) is in LD_LIBRARY_PATH or
        equivalent variable and wxWidgets is version 3.0.0 or above,
        with Unicode build available.
    

## ---------------- ##
## Cache variables. ##
## ---------------- ##

ac_cv_build=x86_64-unknown-linux-gnu
ac_cv_c_compiler_gnu=yes
ac_cv_cxx_compiler_gnu=yes
ac_cv_env_CCC_set=
ac_cv_env_CCC_value=
ac_cv_env_CC_set=
ac_cv_env_CC_value=
ac_cv_env_CFLAGS_set=
ac_cv_env_CFLAGS_value=
ac_cv_env_CPPFLAGS_set=
ac_cv_env_CPPFLAGS_value=
ac_cv_env_CXXCPP_set=
ac_cv_env_CXXCPP_value=
ac_cv_env_CXXFLAGS_set=
ac_cv_env_CXXFLAGS_value=
ac_cv_env_CXX_set=
ac_cv_env_CXX_value=
ac_cv_env_EXPAT_CFLAGS_set=
ac_cv_env_EXPAT_CFLAGS_value=
ac_cv_env_EXPAT_LIBS_set=
ac_cv_env_EXPAT_LIBS_value=
ac_cv_env_GTKSPELL_CFLAGS_set=
ac_cv_env_GTKSPELL_CFLAGS_value=
ac_cv_env_GTKSPELL_LIBS_set=
ac_cv_env_GTKSPELL_LIBS_value=
ac_cv_env_ICU_CFLAGS_set=
ac_cv_env_ICU_CFLAGS_value=
ac_cv_env_ICU_LIBS_set=
ac_cv_env_ICU_LIBS_value=
ac_cv_env_LDFLAGS_set=
ac_cv_env_LDFLAGS_value=
ac_cv_env_LIBSECRET_CFLAGS_set=
ac_cv_env_LIBSECRET_CFLAGS_value=
ac_cv_env_LIBSECRET_LIBS_set=
ac_cv_env_LIBSECRET_LIBS_value=
ac_cv_env_LIBS_set=
ac_cv_env_LIBS_value=
ac_cv_env_LUCENE_CFLAGS_set=
ac_cv_env_LUCENE_CFLAGS_value=
ac_cv_env_LUCENE_LIBS_set=
ac_cv_env_LUCENE_LIBS_value=
ac_cv_env_PKG_CONFIG_LIBDIR_set=
ac_cv_env_PKG_CONFIG_LIBDIR_value=
ac_cv_env_PKG_CONFIG_PATH_set=
ac_cv_env_PKG_CONFIG_PATH_value=
ac_cv_env_PKG_CONFIG_set=
ac_cv_env_PKG_CONFIG_value=
ac_cv_env_WXRC_set=
ac_cv_env_WXRC_value=
ac_cv_env_build_alias_set=
ac_cv_env_build_alias_value=
ac_cv_env_host_alias_set=
ac_cv_env_host_alias_value=
ac_cv_env_target_alias_set=
ac_cv_env_target_alias_value=
ac_cv_header_cpprest_http_client_h=no
ac_cv_header_inttypes_h=yes
ac_cv_header_memory_h=yes
ac_cv_header_stdc=yes
ac_cv_header_stdint_h=yes
ac_cv_header_stdlib_h=yes
ac_cv_header_string_h=yes
ac_cv_header_strings_h=yes
ac_cv_header_sys_stat_h=yes
ac_cv_header_sys_types_h=yes
ac_cv_header_unistd_h=yes
ac_cv_host=x86_64-unknown-linux-gnu
ac_cv_objext=o
ac_cv_path_EGREP='/bin/grep -E'
ac_cv_path_GREP=/bin/grep
ac_cv_path_WX_CONFIG_PATH=/usr/bin/wx-config
ac_cv_path_ac_pt_PKG_CONFIG=/usr/bin/pkg-config
ac_cv_path_install='/usr/bin/install -c'
ac_cv_path_mkdir=/bin/mkdir
ac_cv_prog_AWK=gawk
ac_cv_prog_CXXCPP='g++ -E'
ac_cv_prog_ac_ct_CC=gcc
ac_cv_prog_ac_ct_CXX=g++
ac_cv_prog_ac_ct_RANLIB=ranlib
ac_cv_prog_cc_c89=
ac_cv_prog_cc_g=yes
ac_cv_prog_cxx_g=yes
ac_cv_prog_make_make_set=yes
am_cv_CC_dependencies_compiler_type=gcc3
am_cv_CXX_dependencies_compiler_type=gcc3
am_cv_make_support_nested_variables=yes
am_cv_prog_cc_c_o=yes
ax_cv_cxx_compile_cxx11=no
ax_cv_cxx_compile_cxx11__std_gnupp11=yes
m_cv_prefix=/usr/local

## ----------------- ##
## Output variables. ##
## ----------------- ##

ACLOCAL='${SHELL} /media/NAS/Development/poedit/admin/missing aclocal-1.14'
AMDEPBACKSLASH='\'
AMDEP_FALSE='#'
AMDEP_TRUE=''
AMTAR='$${TAR-tar}'
AM_BACKSLASH='\'
AM_DEFAULT_V='$(AM_DEFAULT_VERBOSITY)'
AM_DEFAULT_VERBOSITY='0'
AM_V='$(V)'
AUTOCONF='${SHELL} /media/NAS/Development/poedit/admin/missing autoconf'
AUTOHEADER='${SHELL} /media/NAS/Development/poedit/admin/missing autoheader'
AUTOMAKE='${SHELL} /media/NAS/Development/poedit/admin/missing automake-1.14'
AWK='gawk'
CC='gcc'
CCDEPMODE='depmode=gcc3'
CFLAGS='-g -O2'
CLD2_LIBS=''
CPPFLAGS=''
CPPREST_LIBS=''
CXX='g++'
CXXCPP='g++ -E'
CXXDEPMODE='depmode=gcc3'
CXXFLAGS='-g -O2 -std=gnu++11'
CYGPATH_W='echo'
DB_LIBS=''
DEFS=''
DEPDIR='.deps'
ECHO_C=''
ECHO_N='-n'
ECHO_T=''
EGREP='/bin/grep -E'
EXEEXT=''
EXPAT_CFLAGS=''
EXPAT_LIBS=''
GREP='/bin/grep'
GTKSPELL_CFLAGS=''
GTKSPELL_LIBS=''
HAVE_CPPREST_FALSE=''
HAVE_CPPREST_TRUE='#'
HAVE_CXX11=''
ICU_CFLAGS=''
ICU_LIBS=''
INSTALL_DATA='${INSTALL} -m 644'
INSTALL_PROGRAM='${INSTALL}'
INSTALL_SCRIPT='${INSTALL}'
INSTALL_STRIP_PROGRAM='$(install_sh) -c -s'
LDFLAGS=''
LIBOBJS=''
LIBS=''
LIBSECRET_CFLAGS=''
LIBSECRET_LIBS=''
LN_S='ln -s'
LTLIBOBJS=''
LUCENE_CFLAGS=''
LUCENE_LIBS=''
MAINT='#'
MAINTAINER_MODE_FALSE=''
MAINTAINER_MODE_TRUE='#'
MAKEINFO='${SHELL} /media/NAS/Development/poedit/admin/missing makeinfo'
MIGRATE_LEGACY_TM_FALSE=''
MIGRATE_LEGACY_TM_TRUE=''
MKDIR_P='/bin/mkdir -p'
OBJEXT='o'
PACKAGE='poedit'
PACKAGE_BUGREPORT='poedit@googlegroups.com'
PACKAGE_NAME='poedit'
PACKAGE_SHORT_VERSION='1.8'
PACKAGE_STRING='poedit 1.8beta1'
PACKAGE_TARNAME='poedit'
PACKAGE_URL=''
PACKAGE_VERSION='1.8beta1'
PATH_SEPARATOR=':'
PKG_CONFIG='/usr/bin/pkg-config'
PKG_CONFIG_LIBDIR=''
PKG_CONFIG_PATH=''
RANLIB='ranlib'
SED=''
SET_MAKE=''
SHELL='/bin/bash'
STRIP=''
VERSION='1.8beta1'
WXRC=''
WX_CFLAGS=''
WX_CFLAGS_ONLY=''
WX_CONFIG_PATH='/usr/bin/wx-config'
WX_CONFIG_WITH_ARGS='/usr/bin/wx-config  --unicode'
WX_CPPFLAGS=''
WX_CXXFLAGS=''
WX_CXXFLAGS_ONLY=''
WX_LIBS=''
WX_LIBS_STATIC=''
WX_RESCOMP=''
WX_VERSION='2.8.12'
WX_VERSION_MAJOR='2'
WX_VERSION_MICRO='12'
WX_VERSION_MINOR='8'
ac_ct_CC='gcc'
ac_ct_CXX='g++'
am__EXEEXT_FALSE=''
am__EXEEXT_TRUE=''
am__fastdepCC_FALSE='#'
am__fastdepCC_TRUE=''
am__fastdepCXX_FALSE='#'
am__fastdepCXX_TRUE=''
am__include='include'
am__isrc=''
am__leading_dot='.'
am__nodep='_no'
am__quote=''
am__tar='$${TAR-tar} chof - "$$tardir"'
am__untar='$${TAR-tar} xf -'
bindir='${exec_prefix}/bin'
build='x86_64-unknown-linux-gnu'
build_alias=''
build_cpu='x86_64'
build_os='linux-gnu'
build_vendor='unknown'
datadir='${datarootdir}'
datarootdir='${prefix}/share'
docdir='${datarootdir}/doc/${PACKAGE_TARNAME}'
dvidir='${docdir}'
exec_prefix='NONE'
host='x86_64-unknown-linux-gnu'
host_alias=''
host_cpu='x86_64'
host_os='linux-gnu'
host_vendor='unknown'
htmldir='${docdir}'
includedir='${prefix}/include'
infodir='${datarootdir}/info'
install_sh='${SHELL} /media/NAS/Development/poedit/admin/install-sh'
libdir='${exec_prefix}/lib'
libexecdir='${exec_prefix}/libexec'
localedir='${datarootdir}/locale'
localstatedir='${prefix}/var'
mandir='${datarootdir}/man'
mkdir_p='$(MKDIR_P)'
oldincludedir='/usr/include'
pdfdir='${docdir}'
prefix='/usr/local'
program_transform_name='s,x,x,'
psdir='${docdir}'
sbindir='${exec_prefix}/sbin'
sharedstatedir='${prefix}/com'
sysconfdir='${prefix}/etc'
target_alias=''

## ----------- ##
## confdefs.h. ##
## ----------- ##

/* confdefs.h */
#define PACKAGE_NAME "poedit"
#define PACKAGE_TARNAME "poedit"
#define PACKAGE_VERSION "1.8beta1"
#define PACKAGE_STRING "poedit 1.8beta1"
#define PACKAGE_BUGREPORT "poedit@googlegroups.com"
#define PACKAGE_URL ""
#define PACKAGE "poedit"
#define VERSION "1.8beta1"
#define STDC_HEADERS 1
#define HAVE_SYS_TYPES_H 1
#define HAVE_SYS_STAT_H 1
#define HAVE_STDLIB_H 1
#define HAVE_STRING_H 1
#define HAVE_MEMORY_H 1
#define HAVE_STRINGS_H 1
#define HAVE_INTTYPES_H 1
#define HAVE_STDINT_H 1
#define HAVE_UNISTD_H 1

configure: exit 1
